<?xml version="1.0" encoding="UTF-8"?>
<!-- Generated by org.testng.reporters.JUnitReportReporter -->
<testsuite skipped="0" hostname="Yuvaraj-PC" name="testcases.TC005_DeleteLead" tests="1" failures="0" timestamp="27 Aug 2017 03:10:19 GMT" time="87.488" errors="0">
  <testcase name="CLead" time="87.488" classname="testcases.TC005_DeleteLead"/>
</testsuite> <!-- testcases.TC005_DeleteLead -->
