<?xml version="1.0" encoding="UTF-8"?>
<!-- Generated by org.testng.reporters.JUnitReportReporter -->
<testsuite skipped="0" hostname="Yuvaraj-PC" name="testcases.TC001_Login" tests="1" failures="0" timestamp="22 Aug 2017 03:24:30 GMT" time="19.611" errors="0">
  <testcase name="loginLogOut" time="19.611" classname="testcases.TC001_Login"/>
</testsuite> <!-- testcases.TC001_Login -->
