<?xml version="1.0" encoding="UTF-8"?>
<!-- Generated by org.testng.reporters.JUnitReportReporter -->
<testsuite skipped="0" hostname="Yuvaraj-PC" name="testcases.TC006_DupLead" tests="1" failures="0" timestamp="27 Aug 2017 03:10:19 GMT" time="86.856" errors="0">
  <testcase name="CLead" time="86.856" classname="testcases.TC006_DupLead"/>
</testsuite> <!-- testcases.TC006_DupLead -->
