<?xml version="1.0" encoding="UTF-8"?>
<!-- Generated by org.testng.reporters.JUnitReportReporter -->
<testsuite skipped="0" hostname="Yuvaraj-PC" name="testcases.TC004_EditLead" tests="1" failures="0" timestamp="27 Aug 2017 03:10:19 GMT" time="86.855" errors="0">
  <testcase name="CLead" time="86.855" classname="testcases.TC004_EditLead"/>
</testsuite> <!-- testcases.TC004_EditLead -->
