<?xml version="1.0" encoding="UTF-8"?>
<!-- Generated by org.testng.reporters.JUnitReportReporter -->
<testsuite skipped="0" hostname="Yuvaraj-PC" name="testcases.TC003_CreateLead" tests="1" failures="0" timestamp="27 Aug 2017 03:10:19 GMT" time="63.908" errors="0">
  <testcase name="CLead" time="63.908" classname="testcases.TC003_CreateLead"/>
</testsuite> <!-- testcases.TC003_CreateLead -->
